#
# There is insufficient memory for the Java Runtime Environment to continue.
# Native memory allocation (mmap) failed to map 132120576 bytes for G1 virtual space
# Possible reasons:
#   The system is out of physical RAM or swap space
#   The process is running with CompressedOops enabled, and the Java Heap may be blocking the growth of the native heap
# Possible solutions:
#   Reduce memory load on the system
#   Increase physical memory or swap space
#   Check if swap backing store is full
#   Decrease Java heap size (-Xmx/-Xms)
#   Decrease number of Java threads
#   Decrease Java thread stack sizes (-Xss)
#   Set larger code cache with -XX:ReservedCodeCacheSize=
#   JVM is running with Unscaled Compressed Oops mode in which the Java heap is
#     placed in the first 4GB address space. The Java Heap base address is the
#     maximum limit for the native heap growth. Please use -XX:HeapBaseMinAddress
#     to set the Java Heap base and to place the Java Heap above 4GB virtual address.
# This output file may be truncated or incomplete.
#
#  Out of Memory Error (./open/src/hotspot/os/windows/os_windows.cpp:3472), pid=4408, tid=26896
#
# JRE version:  (15.0+36) (build )
# Java VM: Java HotSpot(TM) 64-Bit Server VM (15+36-1562, mixed mode, sharing, tiered, compressed oops, g1 gc, windows-amd64)
# No core dump will be written. Minidumps are not enabled by default on client versions of Windows
#

---------------  S U M M A R Y ------------

Command Line: -Dfile.encoding=Cp1252 -XX:+ShowCodeDetailsInExceptionMessages TagCloudGeneratorSJC

Host: Intel(R) Core(TM) i5-1035G1 CPU @ 1.00GHz, 8 cores, 7G,  Windows 10 , 64 bit Build 22000 (10.0.22000.1219)
Time: Mon Dec  5 11:42:02 2022 Eastern Standard Time elapsed time: 0.023813 seconds (0d 0h 0m 0s)

---------------  T H R E A D  ---------------

Current thread (0x0000019e70d93080):  JavaThread "Unknown thread" [_thread_in_vm, id=26896, stack(0x0000005fac200000,0x0000005fac300000)]

Stack: [0x0000005fac200000,0x0000005fac300000]
Native frames: (J=compiled Java code, j=interpreted, Vv=VM code, C=native code)
V  [jvm.dll+0x629eaa]
V  [jvm.dll+0x780379]
V  [jvm.dll+0x781ad3]
V  [jvm.dll+0x782133]
V  [jvm.dll+0x2159d5]
V  [jvm.dll+0x627299]
V  [jvm.dll+0x61bdd5]
V  [jvm.dll+0x2cf96d]
V  [jvm.dll+0x2cf7d2]
V  [jvm.dll+0x2d57ac]
V  [jvm.dll+0x32523a]
V  [jvm.dll+0x324904]
V  [jvm.dll+0x2a68ea]
V  [jvm.dll+0x2a7a88]
V  [jvm.dll+0x75d0f1]
V  [jvm.dll+0x333af4]
V  [jvm.dll+0x73d816]
V  [jvm.dll+0x3b68e7]
V  [jvm.dll+0x3b8371]
C  [jli.dll+0x52fb]
C  [ucrtbase.dll+0x26c0c]
C  [KERNEL32.DLL+0x15550]
C  [ntdll.dll+0x485b]


---------------  P R O C E S S  ---------------

Threads class SMR info:
_java_thread_list=0x00007ffd3d2e2fa0, length=0, elements={
}

Java Threads: ( => current thread )

Other Threads:
  0x0000019e70dd1a60 GCTaskThread "GC Thread#0" [stack: 0x0000005fac300000,0x0000005fac400000] [id=19036]
  0x0000019e70de27d0 ConcurrentGCThread "G1 Main Marker" [stack: 0x0000005fac400000,0x0000005fac500000] [id=9880]
  0x0000019e70de4930 ConcurrentGCThread "G1 Conc#0" [stack: 0x0000005fac500000,0x0000005fac600000] [id=12816]

[error occurred during error reporting (printing all threads), id 0xc0000005, EXCEPTION_ACCESS_VIOLATION (0xc0000005) at pc=0x00007ffd3cad77b7]

VM state: not at safepoint (not fully initialized)

VM Mutex/Monitor currently owned by a thread:  ([mutex/lock_event])
[0x0000019e70d8e520] Heap_lock - owner thread: 0x0000019e70d93080

Heap address: 0x0000000083600000, size: 1994 MB, Compressed Oops mode: 32-bit
CDS archive(s) mapped at: [0x0000000000000000-0x0000000000000000-0x0000000000000000), size 0, SharedBaseAddress: 0x0000000800000000, ArchiveRelocationMode: 0.
Narrow klass base: 0x0000000000000000, Narrow klass shift: 0, Narrow klass range: 0x0

Heap:
 garbage-first heap   total 129024K, used 0K [0x0000000083600000, 0x0000000100000000)
  region size 1024K, 0 young (0K), 0 survivors (0K)
 Metaspace       used 0K, capacity 0K, committed 0K, reserved 0K
  class space    used 0K, capacity 0K, committed 0K, reserved 0K

Heap Regions: E=young(eden), S=young(survivor), O=old, HS=humongous(starts), HC=humongous(continues), CS=collection set, F=free, OA=open archive, CA=closed archive, TAMS=top-at-mark-start (previous, next)

Card table byte_map: [0x0000019e796f0000,0x0000019e79ae0000] _byte_map_base: 0x0000019e792d5000

Marking Bits (Prev, Next): (CMBitMap*) 0x0000019e70dd22d0, (CMBitMap*) 0x0000019e70dd2310
 Prev Bits: [0x0000019e79ed0000, 0x0000019e7bdf8000)
 Next Bits: [0x0000019e7be00000, 0x0000019e7dd28000)

GC Heap History (0 events):
No events

Deoptimization events (0 events):
No events

Classes unloaded (0 events):
No events

Classes redefined (0 events):
No events

Internal exceptions (0 events):
No events

Events (1 events):
Event: 0.012 Loaded shared library C:\Program Files\Java\jdk-15\bin\java.dll


Dynamic libraries:
0x00007ff7a82f0000 - 0x00007ff7a82ff000 	C:\Program Files\Java\jdk-15\bin\javaw.exe
0x00007ffda12e0000 - 0x00007ffda14e9000 	C:\WINDOWS\SYSTEM32\ntdll.dll
0x00007ffda0280000 - 0x00007ffda033e000 	C:\WINDOWS\System32\KERNEL32.DLL
0x00007ffd9ede0000 - 0x00007ffd9f15b000 	C:\WINDOWS\System32\KERNELBASE.dll
0x00007ffd9ecc0000 - 0x00007ffd9edd1000 	C:\WINDOWS\System32\ucrtbase.dll
0x00007ffd98d60000 - 0x00007ffd98d78000 	C:\Program Files\Java\jdk-15\bin\jli.dll
0x00007ffd91a40000 - 0x00007ffd91a59000 	C:\Program Files\Java\jdk-15\bin\VCRUNTIME140.dll
0x00007ffda0340000 - 0x00007ffda03ee000 	C:\WINDOWS\System32\ADVAPI32.dll
0x00007ffda0470000 - 0x00007ffda0513000 	C:\WINDOWS\System32\msvcrt.dll
0x00007ffda0990000 - 0x00007ffda0a2e000 	C:\WINDOWS\System32\sechost.dll
0x00007ffda0a30000 - 0x00007ffda0b50000 	C:\WINDOWS\System32\RPCRT4.dll
0x00007ffda0d60000 - 0x00007ffda0f0d000 	C:\WINDOWS\System32\USER32.dll
0x00007ffd73cd0000 - 0x00007ffd73f75000 	C:\WINDOWS\WinSxS\amd64_microsoft.windows.common-controls_6595b64144ccf1df_6.0.22000.120_none_9d947278b86cc467\COMCTL32.dll
0x00007ffd9e7b0000 - 0x00007ffd9e7d6000 	C:\WINDOWS\System32\win32u.dll
0x00007ffd9f540000 - 0x00007ffd9f569000 	C:\WINDOWS\System32\GDI32.dll
0x00007ffd9e7e0000 - 0x00007ffd9e8f8000 	C:\WINDOWS\System32\gdi32full.dll
0x00007ffd9e900000 - 0x00007ffd9e99d000 	C:\WINDOWS\System32\msvcp_win.dll
0x00007ffd98c60000 - 0x00007ffd98c6a000 	C:\WINDOWS\SYSTEM32\VERSION.dll
0x00007ffda0c10000 - 0x00007ffda0c42000 	C:\WINDOWS\System32\IMM32.DLL
0x00007ffd9aba0000 - 0x00007ffd9abac000 	C:\Program Files\Java\jdk-15\bin\vcruntime140_1.dll
0x00007ffd769f0000 - 0x00007ffd76a81000 	C:\Program Files\Java\jdk-15\bin\msvcp140.dll
0x00007ffd3c820000 - 0x00007ffd3d37c000 	C:\Program Files\Java\jdk-15\bin\server\jvm.dll
0x00007ffd9f450000 - 0x00007ffd9f458000 	C:\WINDOWS\System32\PSAPI.DLL
0x00007ffd98c20000 - 0x00007ffd98c53000 	C:\WINDOWS\SYSTEM32\WINMM.dll
0x00007ffd9aaf0000 - 0x00007ffd9aaf9000 	C:\WINDOWS\SYSTEM32\WSOCK32.dll
0x00007ffd9f690000 - 0x00007ffd9f6ff000 	C:\WINDOWS\System32\WS2_32.dll
0x00007ffd9d830000 - 0x00007ffd9d848000 	C:\WINDOWS\SYSTEM32\kernel.appcore.dll
0x00007ffd99df0000 - 0x00007ffd99dfa000 	C:\Program Files\Java\jdk-15\bin\jimage.dll
0x00007ffd9c1d0000 - 0x00007ffd9c3f1000 	C:\WINDOWS\SYSTEM32\DBGHELP.DLL
0x00007ffd77670000 - 0x00007ffd776a1000 	C:\WINDOWS\SYSTEM32\dbgcore.DLL
0x00007ffd9ea60000 - 0x00007ffd9eadf000 	C:\WINDOWS\System32\bcryptPrimitives.dll
0x00007ffd8bfa0000 - 0x00007ffd8bfc5000 	C:\Program Files\Java\jdk-15\bin\java.dll

dbghelp: loaded successfully - version: 4.0.5 - missing functions: none
symbol engine: initialized successfully - sym options: 0x614 - pdb path: .;C:\Program Files\Java\jdk-15\bin;C:\WINDOWS\SYSTEM32;C:\WINDOWS\WinSxS\amd64_microsoft.windows.common-controls_6595b64144ccf1df_6.0.22000.120_none_9d947278b86cc467;C:\Program Files\Java\jdk-15\bin\server

VM Arguments:
jvm_args: -Dfile.encoding=Cp1252 -XX:+ShowCodeDetailsInExceptionMessages 
java_command: TagCloudGeneratorSJC
java_class_path (initial): C:\Users\matim\OneDrive\Desktop\SWW\TagCloudGeneratorSJC\bin;C:\Users\matim\OneDrive\Desktop\workspace\components.jar;C:\Users\matim\.p2\pool\plugins\org.junit_4.13.0.v20200204-1500.jar;C:\Users\matim\.p2\pool\plugins\org.hamcrest.core_1.3.0.v20180420-1519.jar
Launcher Type: SUN_STANDARD

[Global flags]
     intx CICompilerCount                          = 4                                         {product} {ergonomic}
     uint ConcGCThreads                            = 2                                         {product} {ergonomic}
     uint G1ConcRefinementThreads                  = 8                                         {product} {ergonomic}
   size_t G1HeapRegionSize                         = 1048576                                   {product} {ergonomic}
    uintx GCDrainStackTargetSize                   = 64                                        {product} {ergonomic}
   size_t InitialHeapSize                          = 132120576                                 {product} {ergonomic}
   size_t MarkStackSize                            = 4194304                                   {product} {ergonomic}
   size_t MaxHeapSize                              = 2090860544                                {product} {ergonomic}
   size_t MinHeapDeltaBytes                        = 1048576                                   {product} {ergonomic}
   size_t MinHeapSize                              = 8388608                                   {product} {ergonomic}
    uintx NonNMethodCodeHeapSize                   = 5839372                                {pd product} {ergonomic}
    uintx NonProfiledCodeHeapSize                  = 122909434                              {pd product} {ergonomic}
    uintx ProfiledCodeHeapSize                     = 122909434                              {pd product} {ergonomic}
    uintx ReservedCodeCacheSize                    = 251658240                              {pd product} {ergonomic}
     bool SegmentedCodeCache                       = true                                      {product} {ergonomic}
     bool ShowCodeDetailsInExceptionMessages       = true                                   {manageable} {command line}
   size_t SoftMaxHeapSize                          = 2090860544                             {manageable} {ergonomic}
     bool UseCompressedClassPointers               = true                                 {lp64_product} {ergonomic}
     bool UseCompressedOops                        = true                                 {lp64_product} {ergonomic}
     bool UseG1GC                                  = true                                      {product} {ergonomic}
     bool UseLargePagesIndividualAllocation        = false                                  {pd product} {ergonomic}

Logging:
Log output configuration:
 #0: stdout all=warning uptime,level,tags
 #1: stderr all=off uptime,level,tags

Environment Variables:
PATH=C:\Program Files\Common Files\Oracle\Java\javapath;C:\Program Files (x86)\VMware\VMware Player\bin\;C:\Program Files\Oculus\Support\oculus-runtime;C:\Program Files (x86)\NVIDIA Corporation\PhysX\Common;C:\Program Files\AdoptOpenJDK\jdk-11.0.8.10-hotspot\bin;C:\Program Files (x86)\Common Files\Oracle\Java\javapath;C:\windows\system32;C:\windows;C:\windows\System32\Wbem;C:\windows\System32\WindowsPowerShell\v1.0\;C:\windows\System32\OpenSSH\;C:\Program Files\MATLAB\R2020a\runtime\win64;C:\Program Files\MATLAB\R2020a\bin;C:\Program Files\Microsoft SQL Server\Client SDK\ODBC\110\Tools\Binn\;C:\Program Files (x86)\Microsoft SQL Server\120\Tools\Binn\;C:\Program Files\Microsoft SQL Server\120\Tools\Binn\;C:\Program Files\Microsoft SQL Server\120\DTS\Binn\;C:\Program Files (x86)\Windows Kits\8.1\Windows Performance Toolkit\;C:\WINDOWS\system32;C:\WINDOWS;C:\WINDOWS\System32\Wbem;C:\WINDOWS\System32\WindowsPowerShell\v1.0\;C:\WINDOWS\System32\OpenSSH\;C:\Program Files (x86)\Bitvise SSH Client;C:\Program Files\PuTTY\;C:\Program Files (x86)\Pulse Secure\VC142.CRT\X64\;C:\Program Files (x86)\Pulse Secure\VC142.CRT\X86\;C:\Program Files (x86)\Common Files\Pulse Secure\TNC Client Plugin\;C:\Program Files\Git\cmd;C:\Program Files\Git\bin;C:\Users\matim\.cargo\bin;C:\Users\matim\AppData\Local\Programs\Python\Python310\Scripts\;C:\Users\matim\AppData\Local\Programs\Python\Python310\;C:\Users\matim\AppData\Local\Microsoft\WindowsApps;C:\Users\matim\AppData\Local\Programs\MiKTeX\miktex\bin\x64\;C:\Program Files (x86)\Brackets\;C:\Users\matim\AppData\Local\Programs\Microsoft VS Code\bin
USERNAME=matim
OS=Windows_NT
PROCESSOR_IDENTIFIER=Intel64 Family 6 Model 126 Stepping 5, GenuineIntel



---------------  S Y S T E M  ---------------

OS:
 Windows 10 , 64 bit Build 22000 (10.0.22000.1219)
OS uptime: 8 days 21:40 hours

CPU: total 8 (initial active 8) (4 cores per cpu, 2 threads per core) family 6 model 126 stepping 5, cmov, cx8, fxsr, mmx, sse, sse2, sse3, ssse3, sse4.1, sse4.2, popcnt, vzeroupper, avx, avx2, aes, clmul, erms, 3dnowpref, lzcnt, ht, tsc, tscinvbit, bmi1, bmi2, adx, avx512f, avx512dq, avx512cd, avx512bw, avx512vl, avx512_vpopcntdq, avx512_vpclmulqdq, avx512_vbmi, avx512_vbmi2, avx512_vaes, avx512_vnni, sha, fma, clflush, clflushopt

Memory: 4k page, system-wide physical 7973M (666M free)
TotalPageFile size 32549M (AvailPageFile size 111M)
current process WorkingSet (physical memory assigned to process): 10M, peak: 10M
current process commit charge ("private bytes"): 60M, peak: 186M

vm_info: Java HotSpot(TM) 64-Bit Server VM (15+36-1562) for windows-amd64 JRE (15+36-1562), built on Aug 11 2020 22:38:02 by "mach5one" with unknown MS VC++:1925

END.
